<?xml version="1.0" encoding="UTF-8"?>
<!-- Generated by org.testng.reporters.JUnitReportReporter -->
<testsuite hostname="DESKTOP-BGCD29U" failures="0" tests="1" name="mfa_sports_project.Login_Page" time="6.953" errors="0" timestamp="2024-09-04T20:11:39 IST" skipped="0">
  <testcase classname="mfa_sports_project.Login_Page" name="start" time="6.953"/>
</testsuite> <!-- mfa_sports_project.Login_Page -->
